# JRE version: Java(TM) SE Runtime Environment (7.0_72-b14) (build 1.7.0_72-b14)
# Java VM: Java HotSpot(TM) 64-Bit Server VM (24.72-b04 mixed mode linux-amd64 compressed oops)
Heap
 PSYoungGen      total 665088K, used 166457K [0x00000007d6a00000, 0x0000000800000000, 0x0000000800000000)
  eden space 659456K, 24% used [0x00000007d6a00000,0x00000007e0712728,0x00000007fee00000)
  from space 5632K, 99% used [0x00000007fee00000,0x00000007ff37be48,0x00000007ff380000)
  to   space 8704K, 0% used [0x00000007ff780000,0x00000007ff780000,0x0000000800000000)
 ParOldGen       total 84480K, used 8837K [0x0000000783e00000, 0x0000000789080000, 0x00000007d6a00000)
  object space 84480K, 10% used [0x0000000783e00000,0x00000007846a1780,0x0000000789080000)
 PSPermGen       total 21504K, used 20131K [0x000000077ec00000, 0x0000000780100000, 0x0000000783e00000)
  object space 21504K, 93% used [0x000000077ec00000,0x000000077ffa8de0,0x0000000780100000)
GC Heap History (10 events):
Event: 1,050 GC heap before
{Heap before GC invocations=9 (full 0):
 PSYoungGen      total 262656K, used 257722K [0x00000007d6a00000, 0x00000007e7100000, 0x0000000800000000)
  eden space 257536K, 99% used [0x00000007d6a00000,0x00000007e653c700,0x00000007e6580000)
  from space 5120K, 8% used [0x00000007e6b00000,0x00000007e6b722c0,0x00000007e7000000)
  to   space 5632K, 0% used [0x00000007e6580000,0x00000007e6580000,0x00000007e6b00000)
 ParOldGen       total 84480K, used 3518K [0x0000000783e00000, 0x0000000789080000, 0x00000007d6a00000)
  object space 84480K, 4% used [0x0000000783e00000,0x000000078416f8b8,0x0000000789080000)
 PSPermGen       total 21504K, used 12559K [0x000000077ec00000, 0x0000000780100000, 0x0000000783e00000)
  object space 21504K, 58% used [0x000000077ec00000,0x000000077f843db8,0x0000000780100000)
Event: 1,052 GC heap after
Heap after GC invocations=9 (full 0):
 PSYoungGen      total 263168K, used 388K [0x00000007d6a00000, 0x00000007f0780000, 0x0000000800000000)
  eden space 257536K, 0% used [0x00000007d6a00000,0x00000007d6a00000,0x00000007e6580000)
  from space 5632K, 6% used [0x00000007e6580000,0x00000007e65e1110,0x00000007e6b00000)
  to   space 5632K, 0% used [0x00000007f0200000,0x00000007f0200000,0x00000007f0780000)
 ParOldGen       total 84480K, used 3518K [0x0000000783e00000, 0x0000000789080000, 0x00000007d6a00000)
  object space 84480K, 4% used [0x0000000783e00000,0x000000078416f8b8,0x0000000789080000)
 PSPermGen       total 21504K, used 12559K [0x000000077ec00000, 0x0000000780100000, 0x0000000783e00000)
  object space 21504K, 58% used [0x000000077ec00000,0x000000077f843db8,0x0000000780100000)
}
Event: 1,078 GC heap before
{Heap before GC invocations=10 (full 0):
 PSYoungGen      total 263168K, used 257585K [0x00000007d6a00000, 0x00000007f0780000, 0x0000000800000000)
  eden space 257536K, 99% used [0x00000007d6a00000,0x00000007e652b4c8,0x00000007e6580000)
  from space 5632K, 6% used [0x00000007e6580000,0x00000007e65e1110,0x00000007e6b00000)
  to   space 5632K, 0% used [0x00000007f0200000,0x00000007f0200000,0x00000007f0780000)
 ParOldGen       total 84480K, used 3518K [0x0000000783e00000, 0x0000000789080000, 0x00000007d6a00000)
  object space 84480K, 4% used [0x0000000783e00000,0x000000078416f8b8,0x0000000789080000)
 PSPermGen       total 21504K, used 12559K [0x000000077ec00000, 0x0000000780100000, 0x0000000783e00000)
  object space 21504K, 58% used [0x000000077ec00000,0x000000077f843db8,0x0000000780100000)
Event: 1,080 GC heap after
Heap after GC invocations=10 (full 0):
 PSYoungGen      total 417792K, used 628K [0x00000007d6a00000, 0x00000007f0780000, 0x0000000800000000)
  eden space 412160K, 0% used [0x00000007d6a00000,0x00000007d6a00000,0x00000007efc80000)
  from space 5632K, 11% used [0x00000007f0200000,0x00000007f029d018,0x00000007f0780000)
  to   space 5632K, 0% used [0x00000007efc80000,0x00000007efc80000,0x00000007f0200000)
 ParOldGen       total 84480K, used 3518K [0x0000000783e00000, 0x0000000789080000, 0x00000007d6a00000)
  object space 84480K, 4% used [0x0000000783e00000,0x000000078416f8b8,0x0000000789080000)
 PSPermGen       total 21504K, used 12559K [0x000000077ec00000, 0x0000000780100000, 0x0000000783e00000)
  object space 21504K, 58% used [0x000000077ec00000,0x000000077f843db8,0x0000000780100000)
}
Event: 1,130 GC heap before
{Heap before GC invocations=11 (full 0):
 PSYoungGen      total 417792K, used 412763K [0x00000007d6a00000, 0x00000007f0780000, 0x0000000800000000)
  eden space 412160K, 99% used [0x00000007d6a00000,0x00000007efc79c80,0x00000007efc80000)
  from space 5632K, 11% used [0x00000007f0200000,0x00000007f029d018,0x00000007f0780000)
  to   space 5632K, 0% used [0x00000007efc80000,0x00000007efc80000,0x00000007f0200000)
 ParOldGen       total 84480K, used 3518K [0x0000000783e00000, 0x0000000789080000, 0x00000007d6a00000)
  object space 84480K, 4% used [0x0000000783e00000,0x000000078416f8b8,0x0000000789080000)
 PSPermGen       total 21504K, used 12559K [0x000000077ec00000, 0x0000000780100000, 0x0000000783e00000)
  object space 21504K, 58% used [0x000000077ec00000,0x000000077f843db8,0x0000000780100000)
Event: 1,132 GC heap after
Heap after GC invocations=11 (full 0):
 PSYoungGen      total 417792K, used 733K [0x00000007d6a00000, 0x00000007ff900000, 0x0000000800000000)
  eden space 412160K, 0% used [0x00000007d6a00000,0x00000007d6a00000,0x00000007efc80000)
  from space 5632K, 13% used [0x00000007efc80000,0x00000007efd37730,0x00000007f0200000)
  to   space 5632K, 0% used [0x00000007ff380000,0x00000007ff380000,0x00000007ff900000)
 ParOldGen       total 84480K, used 3518K [0x0000000783e00000, 0x0000000789080000, 0x00000007d6a00000)
  object space 84480K, 4% used [0x0000000783e00000,0x000000078416f8b8,0x0000000789080000)
 PSPermGen       total 21504K, used 12559K [0x000000077ec00000, 0x0000000780100000, 0x0000000783e00000)
  object space 21504K, 58% used [0x000000077ec00000,0x000000077f843db8,0x0000000780100000)
}
Event: 1,177 GC heap before
{Heap before GC invocations=12 (full 0):
 PSYoungGen      total 417792K, used 412850K [0x00000007d6a00000, 0x00000007ff900000, 0x0000000800000000)
  eden space 412160K, 99% used [0x00000007d6a00000,0x00000007efc75240,0x00000007efc80000)
  from space 5632K, 13% used [0x00000007efc80000,0x00000007efd37730,0x00000007f0200000)
  to   space 5632K, 0% used [0x00000007ff380000,0x00000007ff380000,0x00000007ff900000)
 ParOldGen       total 84480K, used 3518K [0x0000000783e00000, 0x0000000789080000, 0x00000007d6a00000)
  object space 84480K, 4% used [0x0000000783e00000,0x000000078416f8b8,0x0000000789080000)
 PSPermGen       total 21504K, used 12560K [0x000000077ec00000, 0x0000000780100000, 0x0000000783e00000)
  object space 21504K, 58% used [0x000000077ec00000,0x000000077f844210,0x0000000780100000)
Event: 1,178 GC heap after
Heap after GC invocations=12 (full 0):
 PSYoungGen      total 665088K, used 793K [0x00000007d6a00000, 0x00000007ff900000, 0x0000000800000000)
  eden space 659456K, 0% used [0x00000007d6a00000,0x00000007d6a00000,0x00000007fee00000)
  from space 5632K, 14% used [0x00000007ff380000,0x00000007ff446498,0x00000007ff900000)
  to   space 5632K, 0% used [0x00000007fee00000,0x00000007fee00000,0x00000007ff380000)
 ParOldGen       total 84480K, used 3518K [0x0000000783e00000, 0x0000000789080000, 0x00000007d6a00000)
  object space 84480K, 4% used [0x0000000783e00000,0x000000078416f8b8,0x0000000789080000)
 PSPermGen       total 21504K, used 12560K [0x000000077ec00000, 0x0000000780100000, 0x0000000783e00000)
  object space 21504K, 58% used [0x000000077ec00000,0x000000077f844210,0x0000000780100000)
}
Event: 2,650 GC heap before
{Heap before GC invocations=13 (full 0):
 PSYoungGen      total 665088K, used 660249K [0x00000007d6a00000, 0x00000007ff900000, 0x0000000800000000)
  eden space 659456K, 100% used [0x00000007d6a00000,0x00000007fee00000,0x00000007fee00000)
  from space 5632K, 14% used [0x00000007ff380000,0x00000007ff446498,0x00000007ff900000)
  to   space 5632K, 0% used [0x00000007fee00000,0x00000007fee00000,0x00000007ff380000)
 ParOldGen       total 84480K, used 3518K [0x0000000783e00000, 0x0000000789080000, 0x00000007d6a00000)
  object space 84480K, 4% used [0x0000000783e00000,0x000000078416f8b8,0x0000000789080000)
 PSPermGen       total 21504K, used 19261K [0x000000077ec00000, 0x0000000780100000, 0x0000000783e00000)
  object space 21504K, 89% used [0x000000077ec00000,0x000000077fecf4b8,0x0000000780100000)
Event: 2,661 GC heap after
Heap after GC invocations=13 (full 0):
 PSYoungGen      total 665088K, used 5615K [0x00000007d6a00000, 0x0000000800000000, 0x0000000800000000)
  eden space 659456K, 0% used [0x00000007d6a00000,0x00000007d6a00000,0x00000007fee00000)
  from space 5632K, 99% used [0x00000007fee00000,0x00000007ff37be48,0x00000007ff380000)
  to   space 8704K, 0% used [0x00000007ff780000,0x00000007ff780000,0x0000000800000000)
 ParOldGen       total 84480K, used 8837K [0x0000000783e00000, 0x0000000789080000, 0x00000007d6a00000)
  object space 84480K, 10% used [0x0000000783e00000,0x00000007846a1780,0x0000000789080000)
 PSPermGen       total 21504K, used 19261K [0x000000077ec00000, 0x0000000780100000, 0x0000000783e00000)
  object space 21504K, 89% used [0x000000077ec00000,0x000000077fecf4b8,0x0000000780100000)
}

